2024-03-19 08:38:45,931 [1] INFO UtilizatorDBRepository - Creating UtilizatorDBRepository 
2024-03-19 08:38:45,950 [1] INFO ClientDBRepository - Creating ClientDBRepository 
2024-03-19 08:38:45,950 [1] INFO ExcursieDBRepository - Creating ExcursieDBRepository 
2024-03-19 08:38:45,951 [1] INFO RezevareDBRepository - Creating RezevareDBRepository 
2024-03-19 08:38:45,951 [1] INFO LOG VERIF - merge?
2024-03-19 08:42:45,584 [1] INFO LOG VERIF - merge?
2024-03-19 08:42:45,600 [1] INFO UtilizatorDBRepository - Creating UtilizatorDBRepository 
2024-03-19 08:42:45,601 [1] INFO ClientDBRepository - Creating ClientDBRepository 
2024-03-19 08:42:45,601 [1] INFO ExcursieDBRepository - Creating ExcursieDBRepository 
2024-03-19 08:42:45,601 [1] INFO RezevareDBRepository - Creating RezevareDBRepository 
2024-03-19 08:42:45,667 [1] INFO UtilizatorDBRepository - Entering Add with value Utilizator 2 username2 password2
2024-03-19 08:42:45,962 [1] INFO UtilizatorDBRepository - Exiting Add with value A fost adaugat
2024-03-19 08:43:35,530 [1] INFO LOG VERIF - merge?
2024-03-19 08:43:35,542 [1] INFO UtilizatorDBRepository - Creating UtilizatorDBRepository 
2024-03-19 08:43:35,542 [1] INFO ClientDBRepository - Creating ClientDBRepository 
2024-03-19 08:43:35,542 [1] INFO ExcursieDBRepository - Creating ExcursieDBRepository 
2024-03-19 08:43:35,543 [1] INFO RezevareDBRepository - Creating RezevareDBRepository 
2024-03-19 08:43:35,550 [1] INFO ClientDBRepository - Entering Add with value Client 4 Maria 9561651
2024-03-19 08:43:35,662 [1] INFO ClientDBRepository - Exiting Add with value A fost adaugat
2024-03-19 08:43:35,663 [1] INFO ExcursieDBRepository - Entering Add with value Excursie 4 Belgia firma3 21 2140 25
2024-03-19 08:43:35,670 [1] INFO ExcursieDBRepository - Exiting Add with value A fost adaugat
2024-03-19 08:43:35,671 [1] INFO RezevareDBRepository - Entering Add with value Rezervare 1 Client 4 Maria 9561651 Excursie 4 Belgia firma3 21 2140 25 14
2024-03-19 08:44:00,756 [1] INFO LOG VERIF - merge?
2024-03-19 08:44:00,768 [1] INFO UtilizatorDBRepository - Creating UtilizatorDBRepository 
2024-03-19 08:44:00,768 [1] INFO ClientDBRepository - Creating ClientDBRepository 
2024-03-19 08:44:00,768 [1] INFO ExcursieDBRepository - Creating ExcursieDBRepository 
2024-03-19 08:44:00,768 [1] INFO RezevareDBRepository - Creating RezevareDBRepository 
2024-03-19 08:44:00,774 [1] INFO RezevareDBRepository - Entering Add with value Rezervare 3 Client 4 Maria 9561651 Excursie 4 Belgia firma3 21 2140 25 14
2024-03-19 08:44:00,880 [1] INFO RezevareDBRepository - Exiting Add with value A fost adaugat
2024-03-19 08:55:00,617 [1] INFO LOG VERIF - merge?
2024-03-19 08:55:00,634 [1] INFO UtilizatorDBRepository - Creating UtilizatorDBRepository 
2024-03-19 08:55:00,634 [1] INFO ClientDBRepository - Creating ClientDBRepository 
2024-03-19 08:55:00,634 [1] INFO ExcursieDBRepository - Creating ExcursieDBRepository 
2024-03-19 08:55:00,635 [1] INFO RezevareDBRepository - Creating RezevareDBRepository 
2024-03-19 08:55:00,678 [1] INFO UtilizatorDBRepository - Entering Add with value Utilizator 3 username2 password2
2024-03-19 08:55:00,913 [1] INFO UtilizatorDBRepository - Exiting Add with value A fost adaugat
2024-03-19 08:55:00,913 [1] INFO ClientDBRepository - Entering findAll
2024-03-19 08:55:00,918 [1] INFO ClientDBRepository - Exiting findAll with value System.Collections.Generic.List`1[PoateAiciFunctioneaza.Domain.Client]
2024-03-19 08:56:50,095 [1] INFO LOG VERIF - merge?
2024-03-19 08:56:50,112 [1] INFO UtilizatorDBRepository - Creating UtilizatorDBRepository 
2024-03-19 08:56:50,112 [1] INFO ClientDBRepository - Creating ClientDBRepository 
2024-03-19 08:56:50,112 [1] INFO ExcursieDBRepository - Creating ExcursieDBRepository 
2024-03-19 08:56:50,113 [1] INFO RezevareDBRepository - Creating RezevareDBRepository 
2024-03-19 08:56:50,156 [1] INFO ClientDBRepository - Entering findAll
2024-03-19 08:56:50,413 [1] INFO ClientDBRepository - Exiting findAll with value System.Collections.Generic.List`1[PoateAiciFunctioneaza.Domain.Client]
2024-03-19 08:56:50,416 [1] INFO ExcursieDBRepository - Entering GetAll
2024-03-19 08:56:50,417 [1] INFO ExcursieDBRepository - Exiting GetAll with value System.Collections.Generic.List`1[PoateAiciFunctioneaza.Domain.Excursie]
2024-03-19 08:56:50,418 [1] INFO RezevareDBRepository - Entering GetAll
2024-03-19 08:56:50,418 [1] INFO ClientDBRepository - Creating ClientDBRepository 
2024-03-19 08:56:50,419 [1] INFO ClientDBRepository - Entering findOne with value 1
2024-03-19 08:57:14,484 [1] INFO LOG VERIF - merge?
2024-03-19 08:57:14,495 [1] INFO UtilizatorDBRepository - Creating UtilizatorDBRepository 
2024-03-19 08:57:14,495 [1] INFO ClientDBRepository - Creating ClientDBRepository 
2024-03-19 08:57:14,495 [1] INFO ExcursieDBRepository - Creating ExcursieDBRepository 
2024-03-19 08:57:14,496 [1] INFO RezevareDBRepository - Creating RezevareDBRepository 
2024-03-19 08:57:14,502 [1] INFO ClientDBRepository - Entering findAll
2024-03-19 08:57:14,607 [1] INFO ClientDBRepository - Exiting findAll with value System.Collections.Generic.List`1[PoateAiciFunctioneaza.Domain.Client]
2024-03-19 08:57:14,610 [1] INFO ExcursieDBRepository - Entering GetAll
2024-03-19 08:57:14,610 [1] INFO ExcursieDBRepository - Exiting GetAll with value System.Collections.Generic.List`1[PoateAiciFunctioneaza.Domain.Excursie]
2024-03-19 08:58:56,134 [1] INFO LOG VERIF - merge?
2024-03-19 08:58:56,183 [1] INFO UtilizatorDBRepository - Creating UtilizatorDBRepository 
2024-03-19 08:58:56,185 [1] INFO ClientDBRepository - Creating ClientDBRepository 
2024-03-19 08:58:56,186 [1] INFO ExcursieDBRepository - Creating ExcursieDBRepository 
2024-03-19 08:58:56,187 [1] INFO RezevareDBRepository - Creating RezevareDBRepository 
2024-03-19 08:58:56,298 [1] INFO ClientDBRepository - Entering findAll
2024-03-19 08:58:56,968 [1] INFO ClientDBRepository - Exiting findAll with value System.Collections.Generic.List`1[PoateAiciFunctioneaza.Domain.Client]
2024-03-19 08:58:56,976 [1] INFO ExcursieDBRepository - Entering GetAll
2024-03-19 08:58:56,978 [1] INFO ExcursieDBRepository - Exiting GetAll with value System.Collections.Generic.List`1[PoateAiciFunctioneaza.Domain.Excursie]
2024-03-19 08:59:54,017 [1] INFO LOG VERIF - merge?
2024-03-19 08:59:54,052 [1] INFO UtilizatorDBRepository - Creating UtilizatorDBRepository 
2024-03-19 08:59:54,052 [1] INFO ClientDBRepository - Creating ClientDBRepository 
2024-03-19 08:59:54,053 [1] INFO ExcursieDBRepository - Creating ExcursieDBRepository 
2024-03-19 08:59:54,054 [1] INFO RezevareDBRepository - Creating RezevareDBRepository 
2024-03-19 08:59:54,134 [1] INFO ClientDBRepository - Entering Add with value Client 6 Maria 9561651
2024-03-19 08:59:54,669 [1] INFO ClientDBRepository - Exiting Add with value A fost adaugat
2024-03-19 08:59:54,673 [1] INFO ExcursieDBRepository - Entering Add with value Excursie 6 Belgia firma3 21 2140 25
2024-03-19 08:59:54,682 [1] INFO ExcursieDBRepository - Exiting Add with value A fost adaugat
2024-03-19 08:59:54,685 [1] INFO RezevareDBRepository - Entering Add with value Rezervare 6 Client 6 Maria 9561651 Excursie 6 Belgia firma3 21 2140 25 14
2024-03-19 08:59:54,693 [1] INFO RezevareDBRepository - Exiting Add with value A fost adaugat
2024-03-19 08:59:54,696 [1] INFO ClientDBRepository - Entering findAll
2024-03-19 08:59:54,710 [1] INFO ClientDBRepository - Exiting findAll with value System.Collections.Generic.List`1[PoateAiciFunctioneaza.Domain.Client]
2024-03-19 08:59:54,714 [1] INFO ExcursieDBRepository - Entering GetAll
2024-03-19 08:59:54,715 [1] INFO ExcursieDBRepository - Exiting GetAll with value System.Collections.Generic.List`1[PoateAiciFunctioneaza.Domain.Excursie]
